<?xml version="1.0" encoding="UTF-8"?>
<robot generator="Robot 4.1.3 (Python 3.9.9 on darwin)" generated="20220119 17:54:18.754" rpa="false" schemaversion="2">
<suite id="s1" name="Positive TCs Create Trait" source="/Users/shivamraghuwanshi/PycharmProjects/featureAutomation/tests/Traits_Engine/Positive_TCs_Create_Trait.robot">
<test id="s1-t1" name="TC1">
<kw name="Set Global Variables based on the environment" library="Global_Properties">
<arg>load</arg>
<kw name="Print T" library="Global_Variable">
<msg timestamp="20220119 17:54:18.794" level="INFO">Test</msg>
<status status="PASS" starttime="20220119 17:54:18.793" endtime="20220119 17:54:18.794"/>
</kw>
<status status="PASS" starttime="20220119 17:54:18.793" endtime="20220119 17:54:18.794"/>
</kw>
<status status="PASS" starttime="20220119 17:54:18.792" endtime="20220119 17:54:18.794"/>
</test>
<doc>The file contains all the positive test cases for the Taits Eninge Create Traits</doc>
<status status="PASS" starttime="20220119 17:54:18.758" endtime="20220119 17:54:18.794"/>
</suite>
<statistics>
<total>
<stat pass="1" fail="0" skip="0">All Tests</stat>
</total>
<tag>
</tag>
<suite>
<stat pass="1" fail="0" skip="0" id="s1" name="Positive TCs Create Trait">Positive TCs Create Trait</stat>
</suite>
</statistics>
<errors>
</errors>
</robot>
